// 重构日志: 65cde5d1
// 重构日志: dd95a699
// 重构日志: 00f7a112
// 重构日志: ed719ca8
// 重构日志: 658fb312
// 重构日志: 566bb6a8
// 同步 ID: acdfd66a @ Thu Jun 18 14:16:11 UTC 2026
// 重构日志: 72b9063c
// 重构日志: 4682dfdd
// 同步 ID: 1731d781 @ Fri Jun 19 13:02:44 UTC 2026
// 重构日志: 58dd6900
// 同步 ID: 773636ac @ Sat Jun 20 05:52:15 UTC 2026
// 重构日志: 14eeb4fd
// 同步 ID: dbb00dbd @ Sat Jun 20 15:32:30 UTC 2026
// 同步 ID: 9d2c9d5c @ Sat Jun 20 17:32:07 UTC 2026
// 重构日志: 68d04cad
// 同步 ID: a36dbc91 @ Sun Jun 21 07:39:26 UTC 2026
// 重构日志: ae05646f
// 重构日志: de47bbd5
// 重构日志: ba6ff906
// 重构日志: 1e9bbe88
// 同步 ID: 8753c1b6 @ Fri Jun 26 12:34:25 UTC 2026
// 重构日志: 42b57c3c
// 重构日志: cd19aced
// 重构日志: e5e2db3d
// 重构日志: e7464c49
// 重构日志: 2cb25497
// 同步 ID: e22ef168 @ Sun Jun 28 14:57:29 UTC 2026
// 同步 ID: a12cfb1b @ Sun Jun 28 16:55:55 UTC 2026
// 同步 ID: c8e33ac2 @ Tue Jun 30 06:50:08 UTC 2026
